<?xml version="1.0" encoding="UTF-8"?>
<robot generator="Robot 6.1.1 (Python 3.12.7 on linux)" generated="20241114 21:19:35.119" rpa="false" schemaversion="4">
<suite id="s1" name="Tests" source="/home/akseli/repos/ohtu-palautus/viikko3/web-login/src/tests">
<suite id="s1-s1" name="Home" source="/home/akseli/repos/ohtu-palautus/viikko3/web-login/src/tests/home.robot">
<kw name="Open And Configure Browser" library="resource" type="SETUP">
<if>
<branch type="IF" condition="$BROWSER == 'chrome'">
<kw name="Evaluate" library="BuiltIn">
<var>${options}</var>
<arg>sys.modules['selenium.webdriver'].ChromeOptions()</arg>
<arg>sys</arg>
<doc>Evaluates the given expression in Python and returns the result.</doc>
<status status="NOT RUN" starttime="20241114 21:19:35.235" endtime="20241114 21:19:35.235"/>
</kw>
<status status="NOT RUN" starttime="20241114 21:19:35.235" endtime="20241114 21:19:35.235"/>
</branch>
<branch type="ELSE IF" condition="$BROWSER == 'firefox'">
<kw name="Evaluate" library="BuiltIn">
<var>${options}</var>
<arg>sys.modules['selenium.webdriver'].FirefoxOptions()</arg>
<arg>sys</arg>
<doc>Evaluates the given expression in Python and returns the result.</doc>
<msg timestamp="20241114 21:19:35.236" level="INFO">${options} = &lt;selenium.webdriver.firefox.options.Options object at 0x7ff1ffbb9430&gt;</msg>
<status status="PASS" starttime="20241114 21:19:35.235" endtime="20241114 21:19:35.236"/>
</kw>
<status status="PASS" starttime="20241114 21:19:35.235" endtime="20241114 21:19:35.236"/>
</branch>
<status status="PASS" starttime="20241114 21:19:35.235" endtime="20241114 21:19:35.236"/>
</if>
<if>
<branch type="IF" condition="$HEADLESS == 'true'">
<kw name="Set Selenium Speed" library="SeleniumLibrary">
<arg>0</arg>
<doc>Sets the delay that is waited after each Selenium command.</doc>
<status status="NOT RUN" starttime="20241114 21:19:35.236" endtime="20241114 21:19:35.236"/>
</kw>
<kw name="Call Method" library="BuiltIn">
<arg>${options}</arg>
<arg>add_argument</arg>
<arg>--headless</arg>
<doc>Calls the named method of the given object with the provided arguments.</doc>
<status status="NOT RUN" starttime="20241114 21:19:35.236" endtime="20241114 21:19:35.236"/>
</kw>
<status status="NOT RUN" starttime="20241114 21:19:35.236" endtime="20241114 21:19:35.236"/>
</branch>
<branch type="ELSE">
<kw name="Set Selenium Speed" library="SeleniumLibrary">
<arg>${DELAY}</arg>
<doc>Sets the delay that is waited after each Selenium command.</doc>
<status status="PASS" starttime="20241114 21:19:35.236" endtime="20241114 21:19:35.236"/>
</kw>
<status status="PASS" starttime="20241114 21:19:35.236" endtime="20241114 21:19:35.236"/>
</branch>
<status status="PASS" starttime="20241114 21:19:35.236" endtime="20241114 21:19:35.236"/>
</if>
<kw name="Open Browser" library="SeleniumLibrary">
<arg>browser=${BROWSER}</arg>
<arg>options=${options}</arg>
<doc>Opens a new browser instance to the optional ``url``.</doc>
<msg timestamp="20241114 21:19:35.236" level="INFO">Opening browser 'firefox' to base url 'None'.</msg>
<status status="PASS" starttime="20241114 21:19:35.236" endtime="20241114 21:19:36.699"/>
</kw>
<status status="PASS" starttime="20241114 21:19:35.235" endtime="20241114 21:19:36.699"/>
</kw>
<test id="s1-s1-t1" name="Click Login Link" line="8">
<kw name="Reset Application And Go To Starting Page" type="SETUP">
<kw name="Reset Application" library="AppLibrary">
<status status="PASS" starttime="20241114 21:19:36.699" endtime="20241114 21:19:36.702"/>
</kw>
<kw name="Go To Starting Page" library="resource">
<kw name="Go To" library="SeleniumLibrary">
<arg>${HOME_URL}</arg>
<doc>Navigates the current browser window to the provided ``url``.</doc>
<msg timestamp="20241114 21:19:36.703" level="INFO">Opening url 'http://localhost:5001'</msg>
<status status="PASS" starttime="20241114 21:19:36.703" endtime="20241114 21:19:37.334"/>
</kw>
<status status="PASS" starttime="20241114 21:19:36.702" endtime="20241114 21:19:37.334"/>
</kw>
<status status="PASS" starttime="20241114 21:19:36.699" endtime="20241114 21:19:37.334"/>
</kw>
<kw name="Click Link" library="SeleniumLibrary">
<arg>Login</arg>
<doc>Clicks a link identified by ``locator``.</doc>
<msg timestamp="20241114 21:19:37.336" level="INFO">Clicking link 'Login'.</msg>
<status status="PASS" starttime="20241114 21:19:37.335" endtime="20241114 21:19:38.933"/>
</kw>
<kw name="Login Page Should Be Open" library="resource">
<kw name="Title Should Be" library="SeleniumLibrary">
<arg>Login</arg>
<doc>Verifies that the current page title equals ``title``.</doc>
<msg timestamp="20241114 21:19:39.440" level="INFO">Page title is 'Login'.</msg>
<status status="PASS" starttime="20241114 21:19:38.934" endtime="20241114 21:19:39.440"/>
</kw>
<status status="PASS" starttime="20241114 21:19:38.934" endtime="20241114 21:19:39.440"/>
</kw>
<status status="PASS" starttime="20241114 21:19:36.699" endtime="20241114 21:19:39.441"/>
</test>
<test id="s1-s1-t2" name="Click Register Link" line="12">
<kw name="Reset Application And Go To Starting Page" type="SETUP">
<kw name="Reset Application" library="AppLibrary">
<status status="PASS" starttime="20241114 21:19:39.442" endtime="20241114 21:19:39.448"/>
</kw>
<kw name="Go To Starting Page" library="resource">
<kw name="Go To" library="SeleniumLibrary">
<arg>${HOME_URL}</arg>
<doc>Navigates the current browser window to the provided ``url``.</doc>
<msg timestamp="20241114 21:19:39.449" level="INFO">Opening url 'http://localhost:5001'</msg>
<status status="PASS" starttime="20241114 21:19:39.449" endtime="20241114 21:19:39.993"/>
</kw>
<status status="PASS" starttime="20241114 21:19:39.448" endtime="20241114 21:19:39.993"/>
</kw>
<status status="PASS" starttime="20241114 21:19:39.442" endtime="20241114 21:19:39.993"/>
</kw>
<kw name="Click Link" library="SeleniumLibrary">
<arg>Register new user</arg>
<doc>Clicks a link identified by ``locator``.</doc>
<msg timestamp="20241114 21:19:39.994" level="INFO">Clicking link 'Register new user'.</msg>
<status status="PASS" starttime="20241114 21:19:39.993" endtime="20241114 21:19:41.555"/>
</kw>
<kw name="Register Page Should Be Open" library="resource">
<kw name="Title Should Be" library="SeleniumLibrary">
<arg>Register</arg>
<doc>Verifies that the current page title equals ``title``.</doc>
<msg timestamp="20241114 21:19:42.061" level="INFO">Page title is 'Register'.</msg>
<status status="PASS" starttime="20241114 21:19:41.556" endtime="20241114 21:19:42.061"/>
</kw>
<status status="PASS" starttime="20241114 21:19:41.555" endtime="20241114 21:19:42.061"/>
</kw>
<status status="PASS" starttime="20241114 21:19:39.441" endtime="20241114 21:19:42.061"/>
</test>
<kw name="Close Browser" library="SeleniumLibrary" type="TEARDOWN">
<doc>Closes the current browser.</doc>
<status status="PASS" starttime="20241114 21:19:42.063" endtime="20241114 21:19:43.112"/>
</kw>
<status status="PASS" starttime="20241114 21:19:35.134" endtime="20241114 21:19:43.113"/>
</suite>
<suite id="s1-s2" name="Login" source="/home/akseli/repos/ohtu-palautus/viikko3/web-login/src/tests/login.robot">
<kw name="Open And Configure Browser" library="resource" type="SETUP">
<if>
<branch type="IF" condition="$BROWSER == 'chrome'">
<kw name="Evaluate" library="BuiltIn">
<var>${options}</var>
<arg>sys.modules['selenium.webdriver'].ChromeOptions()</arg>
<arg>sys</arg>
<doc>Evaluates the given expression in Python and returns the result.</doc>
<status status="NOT RUN" starttime="20241114 21:19:43.116" endtime="20241114 21:19:43.116"/>
</kw>
<status status="NOT RUN" starttime="20241114 21:19:43.116" endtime="20241114 21:19:43.117"/>
</branch>
<branch type="ELSE IF" condition="$BROWSER == 'firefox'">
<kw name="Evaluate" library="BuiltIn">
<var>${options}</var>
<arg>sys.modules['selenium.webdriver'].FirefoxOptions()</arg>
<arg>sys</arg>
<doc>Evaluates the given expression in Python and returns the result.</doc>
<msg timestamp="20241114 21:19:43.117" level="INFO">${options} = &lt;selenium.webdriver.firefox.options.Options object at 0x7ff1ffbf66f0&gt;</msg>
<status status="PASS" starttime="20241114 21:19:43.117" endtime="20241114 21:19:43.117"/>
</kw>
<status status="PASS" starttime="20241114 21:19:43.117" endtime="20241114 21:19:43.117"/>
</branch>
<status status="PASS" starttime="20241114 21:19:43.116" endtime="20241114 21:19:43.117"/>
</if>
<if>
<branch type="IF" condition="$HEADLESS == 'true'">
<kw name="Set Selenium Speed" library="SeleniumLibrary">
<arg>0</arg>
<doc>Sets the delay that is waited after each Selenium command.</doc>
<status status="NOT RUN" starttime="20241114 21:19:43.117" endtime="20241114 21:19:43.117"/>
</kw>
<kw name="Call Method" library="BuiltIn">
<arg>${options}</arg>
<arg>add_argument</arg>
<arg>--headless</arg>
<doc>Calls the named method of the given object with the provided arguments.</doc>
<status status="NOT RUN" starttime="20241114 21:19:43.117" endtime="20241114 21:19:43.117"/>
</kw>
<status status="NOT RUN" starttime="20241114 21:19:43.117" endtime="20241114 21:19:43.117"/>
</branch>
<branch type="ELSE">
<kw name="Set Selenium Speed" library="SeleniumLibrary">
<arg>${DELAY}</arg>
<doc>Sets the delay that is waited after each Selenium command.</doc>
<status status="PASS" starttime="20241114 21:19:43.117" endtime="20241114 21:19:43.117"/>
</kw>
<status status="PASS" starttime="20241114 21:19:43.117" endtime="20241114 21:19:43.117"/>
</branch>
<status status="PASS" starttime="20241114 21:19:43.117" endtime="20241114 21:19:43.118"/>
</if>
<kw name="Open Browser" library="SeleniumLibrary">
<arg>browser=${BROWSER}</arg>
<arg>options=${options}</arg>
<doc>Opens a new browser instance to the optional ``url``.</doc>
<msg timestamp="20241114 21:19:43.118" level="INFO">Opening browser 'firefox' to base url 'None'.</msg>
<status status="PASS" starttime="20241114 21:19:43.118" endtime="20241114 21:19:44.682"/>
</kw>
<status status="PASS" starttime="20241114 21:19:43.116" endtime="20241114 21:19:44.682"/>
</kw>
<test id="s1-s2-t1" name="Login With Correct Credentials" line="8">
<kw name="Reset Application Create User And Go To Login Page" type="SETUP">
<kw name="Reset Application" library="AppLibrary">
<status status="PASS" starttime="20241114 21:19:44.683" endtime="20241114 21:19:44.685"/>
</kw>
<kw name="Create User" library="AppLibrary">
<arg>kalle</arg>
<arg>kalle123</arg>
<status status="PASS" starttime="20241114 21:19:44.685" endtime="20241114 21:19:44.690"/>
</kw>
<kw name="Go To Login Page" library="resource">
<kw name="Go To" library="SeleniumLibrary">
<arg>${LOGIN_URL}</arg>
<doc>Navigates the current browser window to the provided ``url``.</doc>
<msg timestamp="20241114 21:19:44.690" level="INFO">Opening url 'http://localhost:5001/login'</msg>
<status status="PASS" starttime="20241114 21:19:44.690" endtime="20241114 21:19:45.353"/>
</kw>
<status status="PASS" starttime="20241114 21:19:44.690" endtime="20241114 21:19:45.353"/>
</kw>
<status status="PASS" starttime="20241114 21:19:44.683" endtime="20241114 21:19:45.353"/>
</kw>
<kw name="Set Username">
<arg>kalle</arg>
<kw name="Input Text" library="SeleniumLibrary">
<arg>username</arg>
<arg>${username}</arg>
<doc>Types the given ``text`` into the text field identified by ``locator``.</doc>
<msg timestamp="20241114 21:19:45.354" level="INFO">Typing text 'kalle' into text field 'username'.</msg>
<status status="PASS" starttime="20241114 21:19:45.353" endtime="20241114 21:19:46.940"/>
</kw>
<status status="PASS" starttime="20241114 21:19:45.353" endtime="20241114 21:19:46.940"/>
</kw>
<kw name="Set Password">
<arg>kalle123</arg>
<kw name="Input Password" library="SeleniumLibrary">
<arg>password</arg>
<arg>${password}</arg>
<doc>Types the given password into the text field identified by ``locator``.</doc>
<msg timestamp="20241114 21:19:46.941" level="INFO">Typing password into text field 'password'.</msg>
<msg timestamp="20241114 21:19:47.988" level="INFO">Temporally setting log level to: NONE</msg>
<msg timestamp="20241114 21:19:48.503" level="INFO">Log level changed from NONE to INFO.</msg>
<status status="PASS" starttime="20241114 21:19:46.941" endtime="20241114 21:19:48.504"/>
</kw>
<status status="PASS" starttime="20241114 21:19:46.940" endtime="20241114 21:19:48.504"/>
</kw>
<kw name="Submit Credentials">
<kw name="Click Button" library="SeleniumLibrary">
<arg>Login</arg>
<doc>Clicks the button identified by ``locator``.</doc>
<msg timestamp="20241114 21:19:48.506" level="INFO">Clicking button 'Login'.</msg>
<status status="PASS" starttime="20241114 21:19:48.505" endtime="20241114 21:19:50.572"/>
</kw>
<status status="PASS" starttime="20241114 21:19:48.504" endtime="20241114 21:19:50.572"/>
</kw>
<kw name="Login Should Succeed">
<kw name="Main Page Should Be Open" library="resource">
<kw name="Title Should Be" library="SeleniumLibrary">
<arg>Ohtu Application main page</arg>
<doc>Verifies that the current page title equals ``title``.</doc>
<msg timestamp="20241114 21:19:51.076" level="INFO">Page title is 'Ohtu Application main page'.</msg>
<status status="PASS" starttime="20241114 21:19:50.573" endtime="20241114 21:19:51.077"/>
</kw>
<status status="PASS" starttime="20241114 21:19:50.572" endtime="20241114 21:19:51.077"/>
</kw>
<status status="PASS" starttime="20241114 21:19:50.572" endtime="20241114 21:19:51.077"/>
</kw>
<status status="PASS" starttime="20241114 21:19:44.682" endtime="20241114 21:19:51.077"/>
</test>
<test id="s1-s2-t2" name="Login With Incorrect Password" line="14">
<kw name="Reset Application Create User And Go To Login Page" type="SETUP">
<kw name="Reset Application" library="AppLibrary">
<status status="PASS" starttime="20241114 21:19:51.080" endtime="20241114 21:19:51.085"/>
</kw>
<kw name="Create User" library="AppLibrary">
<arg>kalle</arg>
<arg>kalle123</arg>
<status status="PASS" starttime="20241114 21:19:51.086" endtime="20241114 21:19:51.094"/>
</kw>
<kw name="Go To Login Page" library="resource">
<kw name="Go To" library="SeleniumLibrary">
<arg>${LOGIN_URL}</arg>
<doc>Navigates the current browser window to the provided ``url``.</doc>
<msg timestamp="20241114 21:19:51.095" level="INFO">Opening url 'http://localhost:5001/login'</msg>
<status status="PASS" starttime="20241114 21:19:51.095" endtime="20241114 21:19:51.624"/>
</kw>
<status status="PASS" starttime="20241114 21:19:51.095" endtime="20241114 21:19:51.625"/>
</kw>
<status status="PASS" starttime="20241114 21:19:51.080" endtime="20241114 21:19:51.625"/>
</kw>
<kw name="Set Username">
<arg>kalle</arg>
<kw name="Input Text" library="SeleniumLibrary">
<arg>username</arg>
<arg>${username}</arg>
<doc>Types the given ``text`` into the text field identified by ``locator``.</doc>
<msg timestamp="20241114 21:19:51.626" level="INFO">Typing text 'kalle' into text field 'username'.</msg>
<status status="PASS" starttime="20241114 21:19:51.625" endtime="20241114 21:19:53.156"/>
</kw>
<status status="PASS" starttime="20241114 21:19:51.625" endtime="20241114 21:19:53.156"/>
</kw>
<kw name="Set Password">
<arg>kalle456</arg>
<kw name="Input Password" library="SeleniumLibrary">
<arg>password</arg>
<arg>${password}</arg>
<doc>Types the given password into the text field identified by ``locator``.</doc>
<msg timestamp="20241114 21:19:53.157" level="INFO">Typing password into text field 'password'.</msg>
<msg timestamp="20241114 21:19:54.169" level="INFO">Temporally setting log level to: NONE</msg>
<msg timestamp="20241114 21:19:54.682" level="INFO">Log level changed from NONE to INFO.</msg>
<status status="PASS" starttime="20241114 21:19:53.156" endtime="20241114 21:19:54.682"/>
</kw>
<status status="PASS" starttime="20241114 21:19:53.156" endtime="20241114 21:19:54.682"/>
</kw>
<kw name="Submit Credentials">
<kw name="Click Button" library="SeleniumLibrary">
<arg>Login</arg>
<doc>Clicks the button identified by ``locator``.</doc>
<msg timestamp="20241114 21:19:54.684" level="INFO">Clicking button 'Login'.</msg>
<status status="PASS" starttime="20241114 21:19:54.683" endtime="20241114 21:19:56.768"/>
</kw>
<status status="PASS" starttime="20241114 21:19:54.683" endtime="20241114 21:19:56.769"/>
</kw>
<kw name="Login Should Fail With Message">
<arg>Invalid username or password</arg>
<kw name="Login Page Should Be Open" library="resource">
<kw name="Title Should Be" library="SeleniumLibrary">
<arg>Login</arg>
<doc>Verifies that the current page title equals ``title``.</doc>
<msg timestamp="20241114 21:19:57.276" level="INFO">Page title is 'Login'.</msg>
<status status="PASS" starttime="20241114 21:19:56.770" endtime="20241114 21:19:57.276"/>
</kw>
<status status="PASS" starttime="20241114 21:19:56.770" endtime="20241114 21:19:57.276"/>
</kw>
<kw name="Page Should Contain" library="SeleniumLibrary">
<arg>${message}</arg>
<doc>Verifies that current page contains ``text``.</doc>
<msg timestamp="20241114 21:19:58.293" level="INFO">Current page contains text 'Invalid username or password'.</msg>
<status status="PASS" starttime="20241114 21:19:57.277" endtime="20241114 21:19:58.293"/>
</kw>
<status status="PASS" starttime="20241114 21:19:56.769" endtime="20241114 21:19:58.293"/>
</kw>
<status status="PASS" starttime="20241114 21:19:51.078" endtime="20241114 21:19:58.294"/>
</test>
<kw name="Close Browser" library="SeleniumLibrary" type="TEARDOWN">
<doc>Closes the current browser.</doc>
<status status="PASS" starttime="20241114 21:19:58.295" endtime="20241114 21:19:59.237"/>
</kw>
<status status="PASS" starttime="20241114 21:19:43.113" endtime="20241114 21:19:59.237"/>
</suite>
<status status="PASS" starttime="20241114 21:19:35.119" endtime="20241114 21:19:59.239"/>
</suite>
<statistics>
<total>
<stat pass="4" fail="0" skip="0">All Tests</stat>
</total>
<tag>
</tag>
<suite>
<stat pass="4" fail="0" skip="0" id="s1" name="Tests">Tests</stat>
<stat pass="2" fail="0" skip="0" id="s1-s1" name="Home">Tests.Home</stat>
<stat pass="2" fail="0" skip="0" id="s1-s2" name="Login">Tests.Login</stat>
</suite>
</statistics>
<errors>
</errors>
</robot>
