<?xml version="1.0" encoding="UTF-8"?>
<robot generator="Robot 6.1.1 (Python 3.12.7 on linux)" generated="20241115 20:52:49.247" rpa="false" schemaversion="4">
<suite id="s1" name="Tests" source="/home/akseli/repos/ohtu-palautus/viikko3/web-login/src/tests">
<suite id="s1-s1" name="Home" source="/home/akseli/repos/ohtu-palautus/viikko3/web-login/src/tests/home.robot">
<kw name="Open And Configure Browser" library="resource" type="SETUP">
<if>
<branch type="IF" condition="$BROWSER == 'chrome'">
<kw name="Evaluate" library="BuiltIn">
<var>${options}</var>
<arg>sys.modules['selenium.webdriver'].ChromeOptions()</arg>
<arg>sys</arg>
<doc>Evaluates the given expression in Python and returns the result.</doc>
<msg timestamp="20241115 20:52:49.356" level="INFO">${options} = &lt;selenium.webdriver.chrome.options.Options object at 0x7ff1c6eea420&gt;</msg>
<status status="PASS" starttime="20241115 20:52:49.356" endtime="20241115 20:52:49.356"/>
</kw>
<status status="PASS" starttime="20241115 20:52:49.356" endtime="20241115 20:52:49.356"/>
</branch>
<branch type="ELSE IF" condition="$BROWSER == 'firefox'">
<kw name="Evaluate" library="BuiltIn">
<var>${options}</var>
<arg>sys.modules['selenium.webdriver'].FirefoxOptions()</arg>
<arg>sys</arg>
<doc>Evaluates the given expression in Python and returns the result.</doc>
<status status="NOT RUN" starttime="20241115 20:52:49.356" endtime="20241115 20:52:49.356"/>
</kw>
<status status="NOT RUN" starttime="20241115 20:52:49.356" endtime="20241115 20:52:49.356"/>
</branch>
<status status="PASS" starttime="20241115 20:52:49.356" endtime="20241115 20:52:49.356"/>
</if>
<if>
<branch type="IF" condition="$HEADLESS == 'true'">
<kw name="Set Selenium Speed" library="SeleniumLibrary">
<arg>0</arg>
<doc>Sets the delay that is waited after each Selenium command.</doc>
<status status="PASS" starttime="20241115 20:52:49.356" endtime="20241115 20:52:49.357"/>
</kw>
<kw name="Call Method" library="BuiltIn">
<arg>${options}</arg>
<arg>add_argument</arg>
<arg>--headless</arg>
<doc>Calls the named method of the given object with the provided arguments.</doc>
<status status="PASS" starttime="20241115 20:52:49.357" endtime="20241115 20:52:49.357"/>
</kw>
<status status="PASS" starttime="20241115 20:52:49.356" endtime="20241115 20:52:49.357"/>
</branch>
<branch type="ELSE">
<kw name="Set Selenium Speed" library="SeleniumLibrary">
<arg>${DELAY}</arg>
<doc>Sets the delay that is waited after each Selenium command.</doc>
<status status="NOT RUN" starttime="20241115 20:52:49.357" endtime="20241115 20:52:49.357"/>
</kw>
<status status="NOT RUN" starttime="20241115 20:52:49.357" endtime="20241115 20:52:49.357"/>
</branch>
<status status="PASS" starttime="20241115 20:52:49.356" endtime="20241115 20:52:49.357"/>
</if>
<kw name="Open Browser" library="SeleniumLibrary">
<arg>browser=${BROWSER}</arg>
<arg>options=${options}</arg>
<doc>Opens a new browser instance to the optional ``url``.</doc>
<msg timestamp="20241115 20:52:49.357" level="INFO">Opening browser 'chrome' to base url 'None'.</msg>
<status status="PASS" starttime="20241115 20:52:49.357" endtime="20241115 20:52:49.850"/>
</kw>
<status status="PASS" starttime="20241115 20:52:49.356" endtime="20241115 20:52:49.851"/>
</kw>
<test id="s1-s1-t1" name="Click Login Link" line="8">
<kw name="Reset Application And Go To Starting Page" type="SETUP">
<kw name="Reset Application" library="AppLibrary">
<status status="PASS" starttime="20241115 20:52:49.852" endtime="20241115 20:52:49.857"/>
</kw>
<kw name="Go To Starting Page" library="resource">
<kw name="Go To" library="SeleniumLibrary">
<arg>${HOME_URL}</arg>
<doc>Navigates the current browser window to the provided ``url``.</doc>
<msg timestamp="20241115 20:52:49.857" level="INFO">Opening url 'http://localhost:5001'</msg>
<status status="PASS" starttime="20241115 20:52:49.857" endtime="20241115 20:52:49.908"/>
</kw>
<status status="PASS" starttime="20241115 20:52:49.857" endtime="20241115 20:52:49.908"/>
</kw>
<status status="PASS" starttime="20241115 20:52:49.852" endtime="20241115 20:52:49.908"/>
</kw>
<kw name="Click Link" library="SeleniumLibrary">
<arg>Login</arg>
<doc>Clicks a link identified by ``locator``.</doc>
<msg timestamp="20241115 20:52:49.909" level="INFO">Clicking link 'Login'.</msg>
<status status="PASS" starttime="20241115 20:52:49.909" endtime="20241115 20:52:50.019"/>
</kw>
<kw name="Login Page Should Be Open" library="resource">
<kw name="Title Should Be" library="SeleniumLibrary">
<arg>Login</arg>
<doc>Verifies that the current page title equals ``title``.</doc>
<msg timestamp="20241115 20:52:50.027" level="INFO">Page title is 'Login'.</msg>
<status status="PASS" starttime="20241115 20:52:50.019" endtime="20241115 20:52:50.027"/>
</kw>
<status status="PASS" starttime="20241115 20:52:50.019" endtime="20241115 20:52:50.027"/>
</kw>
<status status="PASS" starttime="20241115 20:52:49.851" endtime="20241115 20:52:50.028"/>
</test>
<test id="s1-s1-t2" name="Click Register Link" line="12">
<kw name="Reset Application And Go To Starting Page" type="SETUP">
<kw name="Reset Application" library="AppLibrary">
<status status="PASS" starttime="20241115 20:52:50.029" endtime="20241115 20:52:50.032"/>
</kw>
<kw name="Go To Starting Page" library="resource">
<kw name="Go To" library="SeleniumLibrary">
<arg>${HOME_URL}</arg>
<doc>Navigates the current browser window to the provided ``url``.</doc>
<msg timestamp="20241115 20:52:50.032" level="INFO">Opening url 'http://localhost:5001'</msg>
<status status="PASS" starttime="20241115 20:52:50.032" endtime="20241115 20:52:50.054"/>
</kw>
<status status="PASS" starttime="20241115 20:52:50.032" endtime="20241115 20:52:50.054"/>
</kw>
<status status="PASS" starttime="20241115 20:52:50.028" endtime="20241115 20:52:50.054"/>
</kw>
<kw name="Click Link" library="SeleniumLibrary">
<arg>Register new user</arg>
<doc>Clicks a link identified by ``locator``.</doc>
<msg timestamp="20241115 20:52:50.055" level="INFO">Clicking link 'Register new user'.</msg>
<status status="PASS" starttime="20241115 20:52:50.054" endtime="20241115 20:52:50.129"/>
</kw>
<kw name="Register Page Should Be Open" library="resource">
<kw name="Title Should Be" library="SeleniumLibrary">
<arg>Register</arg>
<doc>Verifies that the current page title equals ``title``.</doc>
<msg timestamp="20241115 20:52:50.134" level="INFO">Page title is 'Register'.</msg>
<status status="PASS" starttime="20241115 20:52:50.129" endtime="20241115 20:52:50.134"/>
</kw>
<status status="PASS" starttime="20241115 20:52:50.129" endtime="20241115 20:52:50.134"/>
</kw>
<status status="PASS" starttime="20241115 20:52:50.028" endtime="20241115 20:52:50.134"/>
</test>
<kw name="Close Browser" library="SeleniumLibrary" type="TEARDOWN">
<doc>Closes the current browser.</doc>
<status status="PASS" starttime="20241115 20:52:50.134" endtime="20241115 20:52:50.200"/>
</kw>
<status status="PASS" starttime="20241115 20:52:49.261" endtime="20241115 20:52:50.200"/>
</suite>
<suite id="s1-s2" name="Login" source="/home/akseli/repos/ohtu-palautus/viikko3/web-login/src/tests/login.robot">
<kw name="Open And Configure Browser" library="resource" type="SETUP">
<if>
<branch type="IF" condition="$BROWSER == 'chrome'">
<kw name="Evaluate" library="BuiltIn">
<var>${options}</var>
<arg>sys.modules['selenium.webdriver'].ChromeOptions()</arg>
<arg>sys</arg>
<doc>Evaluates the given expression in Python and returns the result.</doc>
<msg timestamp="20241115 20:52:50.203" level="INFO">${options} = &lt;selenium.webdriver.chrome.options.Options object at 0x7ff1c6e8fb90&gt;</msg>
<status status="PASS" starttime="20241115 20:52:50.203" endtime="20241115 20:52:50.203"/>
</kw>
<status status="PASS" starttime="20241115 20:52:50.203" endtime="20241115 20:52:50.203"/>
</branch>
<branch type="ELSE IF" condition="$BROWSER == 'firefox'">
<kw name="Evaluate" library="BuiltIn">
<var>${options}</var>
<arg>sys.modules['selenium.webdriver'].FirefoxOptions()</arg>
<arg>sys</arg>
<doc>Evaluates the given expression in Python and returns the result.</doc>
<status status="NOT RUN" starttime="20241115 20:52:50.203" endtime="20241115 20:52:50.203"/>
</kw>
<status status="NOT RUN" starttime="20241115 20:52:50.203" endtime="20241115 20:52:50.203"/>
</branch>
<status status="PASS" starttime="20241115 20:52:50.203" endtime="20241115 20:52:50.204"/>
</if>
<if>
<branch type="IF" condition="$HEADLESS == 'true'">
<kw name="Set Selenium Speed" library="SeleniumLibrary">
<arg>0</arg>
<doc>Sets the delay that is waited after each Selenium command.</doc>
<status status="PASS" starttime="20241115 20:52:50.204" endtime="20241115 20:52:50.204"/>
</kw>
<kw name="Call Method" library="BuiltIn">
<arg>${options}</arg>
<arg>add_argument</arg>
<arg>--headless</arg>
<doc>Calls the named method of the given object with the provided arguments.</doc>
<status status="PASS" starttime="20241115 20:52:50.204" endtime="20241115 20:52:50.204"/>
</kw>
<status status="PASS" starttime="20241115 20:52:50.204" endtime="20241115 20:52:50.204"/>
</branch>
<branch type="ELSE">
<kw name="Set Selenium Speed" library="SeleniumLibrary">
<arg>${DELAY}</arg>
<doc>Sets the delay that is waited after each Selenium command.</doc>
<status status="NOT RUN" starttime="20241115 20:52:50.204" endtime="20241115 20:52:50.204"/>
</kw>
<status status="NOT RUN" starttime="20241115 20:52:50.204" endtime="20241115 20:52:50.204"/>
</branch>
<status status="PASS" starttime="20241115 20:52:50.204" endtime="20241115 20:52:50.204"/>
</if>
<kw name="Open Browser" library="SeleniumLibrary">
<arg>browser=${BROWSER}</arg>
<arg>options=${options}</arg>
<doc>Opens a new browser instance to the optional ``url``.</doc>
<msg timestamp="20241115 20:52:50.204" level="INFO">Opening browser 'chrome' to base url 'None'.</msg>
<status status="PASS" starttime="20241115 20:52:50.204" endtime="20241115 20:52:50.686"/>
</kw>
<status status="PASS" starttime="20241115 20:52:50.203" endtime="20241115 20:52:50.686"/>
</kw>
<test id="s1-s2-t1" name="Login With Correct Credentials" line="8">
<kw name="Reset Application Create User And Go To Login Page" type="SETUP">
<kw name="Reset Application" library="AppLibrary">
<status status="PASS" starttime="20241115 20:52:50.688" endtime="20241115 20:52:50.694"/>
</kw>
<kw name="Create User" library="AppLibrary">
<arg>kalle</arg>
<arg>kalle123</arg>
<status status="PASS" starttime="20241115 20:52:50.694" endtime="20241115 20:52:50.701"/>
</kw>
<kw name="Go To Login Page" library="resource">
<kw name="Go To" library="SeleniumLibrary">
<arg>${LOGIN_URL}</arg>
<doc>Navigates the current browser window to the provided ``url``.</doc>
<msg timestamp="20241115 20:52:50.702" level="INFO">Opening url 'http://localhost:5001/login'</msg>
<status status="PASS" starttime="20241115 20:52:50.702" endtime="20241115 20:52:50.756"/>
</kw>
<status status="PASS" starttime="20241115 20:52:50.702" endtime="20241115 20:52:50.756"/>
</kw>
<status status="PASS" starttime="20241115 20:52:50.687" endtime="20241115 20:52:50.756"/>
</kw>
<kw name="Set Username">
<arg>kalle</arg>
<kw name="Input Text" library="SeleniumLibrary">
<arg>username</arg>
<arg>${username}</arg>
<doc>Types the given ``text`` into the text field identified by ``locator``.</doc>
<msg timestamp="20241115 20:52:50.758" level="INFO">Typing text 'kalle' into text field 'username'.</msg>
<status status="PASS" starttime="20241115 20:52:50.757" endtime="20241115 20:52:50.866"/>
</kw>
<status status="PASS" starttime="20241115 20:52:50.757" endtime="20241115 20:52:50.866"/>
</kw>
<kw name="Set Password">
<arg>kalle123</arg>
<kw name="Input Password" library="SeleniumLibrary">
<arg>password</arg>
<arg>${password}</arg>
<doc>Types the given password into the text field identified by ``locator``.</doc>
<msg timestamp="20241115 20:52:50.867" level="INFO">Typing password into text field 'password'.</msg>
<msg timestamp="20241115 20:52:50.911" level="INFO">Temporally setting log level to: NONE</msg>
<msg timestamp="20241115 20:52:50.944" level="INFO">Log level changed from NONE to INFO.</msg>
<status status="PASS" starttime="20241115 20:52:50.867" endtime="20241115 20:52:50.944"/>
</kw>
<status status="PASS" starttime="20241115 20:52:50.866" endtime="20241115 20:52:50.944"/>
</kw>
<kw name="Submit Credentials">
<kw name="Click Button" library="SeleniumLibrary">
<arg>Login</arg>
<doc>Clicks the button identified by ``locator``.</doc>
<msg timestamp="20241115 20:52:50.945" level="INFO">Clicking button 'Login'.</msg>
<status status="PASS" starttime="20241115 20:52:50.945" endtime="20241115 20:52:51.013"/>
</kw>
<status status="PASS" starttime="20241115 20:52:50.944" endtime="20241115 20:52:51.014"/>
</kw>
<kw name="Login Should Succeed">
<kw name="Main Page Should Be Open" library="resource">
<kw name="Title Should Be" library="SeleniumLibrary">
<arg>Ohtu Application main page</arg>
<doc>Verifies that the current page title equals ``title``.</doc>
<msg timestamp="20241115 20:52:51.020" level="INFO">Page title is 'Ohtu Application main page'.</msg>
<status status="PASS" starttime="20241115 20:52:51.014" endtime="20241115 20:52:51.020"/>
</kw>
<status status="PASS" starttime="20241115 20:52:51.014" endtime="20241115 20:52:51.020"/>
</kw>
<status status="PASS" starttime="20241115 20:52:51.014" endtime="20241115 20:52:51.020"/>
</kw>
<status status="PASS" starttime="20241115 20:52:50.687" endtime="20241115 20:52:51.021"/>
</test>
<test id="s1-s2-t2" name="Login With Incorrect Password" line="14">
<kw name="Reset Application Create User And Go To Login Page" type="SETUP">
<kw name="Reset Application" library="AppLibrary">
<status status="PASS" starttime="20241115 20:52:51.021" endtime="20241115 20:52:51.025"/>
</kw>
<kw name="Create User" library="AppLibrary">
<arg>kalle</arg>
<arg>kalle123</arg>
<status status="PASS" starttime="20241115 20:52:51.025" endtime="20241115 20:52:51.032"/>
</kw>
<kw name="Go To Login Page" library="resource">
<kw name="Go To" library="SeleniumLibrary">
<arg>${LOGIN_URL}</arg>
<doc>Navigates the current browser window to the provided ``url``.</doc>
<msg timestamp="20241115 20:52:51.032" level="INFO">Opening url 'http://localhost:5001/login'</msg>
<status status="PASS" starttime="20241115 20:52:51.032" endtime="20241115 20:52:51.064"/>
</kw>
<status status="PASS" starttime="20241115 20:52:51.032" endtime="20241115 20:52:51.064"/>
</kw>
<status status="PASS" starttime="20241115 20:52:51.021" endtime="20241115 20:52:51.064"/>
</kw>
<kw name="Set Username">
<arg>kalle</arg>
<kw name="Input Text" library="SeleniumLibrary">
<arg>username</arg>
<arg>${username}</arg>
<doc>Types the given ``text`` into the text field identified by ``locator``.</doc>
<msg timestamp="20241115 20:52:51.065" level="INFO">Typing text 'kalle' into text field 'username'.</msg>
<status status="PASS" starttime="20241115 20:52:51.065" endtime="20241115 20:52:51.154"/>
</kw>
<status status="PASS" starttime="20241115 20:52:51.064" endtime="20241115 20:52:51.154"/>
</kw>
<kw name="Set Password">
<arg>kalle456</arg>
<kw name="Input Password" library="SeleniumLibrary">
<arg>password</arg>
<arg>${password}</arg>
<doc>Types the given password into the text field identified by ``locator``.</doc>
<msg timestamp="20241115 20:52:51.155" level="INFO">Typing password into text field 'password'.</msg>
<msg timestamp="20241115 20:52:51.255" level="INFO">Temporally setting log level to: NONE</msg>
<msg timestamp="20241115 20:52:51.356" level="INFO">Log level changed from NONE to INFO.</msg>
<status status="PASS" starttime="20241115 20:52:51.155" endtime="20241115 20:52:51.357"/>
</kw>
<status status="PASS" starttime="20241115 20:52:51.154" endtime="20241115 20:52:51.357"/>
</kw>
<kw name="Submit Credentials">
<kw name="Click Button" library="SeleniumLibrary">
<arg>Login</arg>
<doc>Clicks the button identified by ``locator``.</doc>
<msg timestamp="20241115 20:52:51.359" level="INFO">Clicking button 'Login'.</msg>
<status status="PASS" starttime="20241115 20:52:51.358" endtime="20241115 20:52:51.436"/>
</kw>
<status status="PASS" starttime="20241115 20:52:51.357" endtime="20241115 20:52:51.436"/>
</kw>
<kw name="Login Should Fail With Message">
<arg>Invalid username or password</arg>
<kw name="Login Page Should Be Open" library="resource">
<kw name="Title Should Be" library="SeleniumLibrary">
<arg>Login</arg>
<doc>Verifies that the current page title equals ``title``.</doc>
<msg timestamp="20241115 20:52:51.461" level="INFO">Page title is 'Login'.</msg>
<status status="PASS" starttime="20241115 20:52:51.437" endtime="20241115 20:52:51.462"/>
</kw>
<status status="PASS" starttime="20241115 20:52:51.437" endtime="20241115 20:52:51.462"/>
</kw>
<kw name="Page Should Contain" library="SeleniumLibrary">
<arg>${message}</arg>
<doc>Verifies that current page contains ``text``.</doc>
<msg timestamp="20241115 20:52:51.482" level="INFO">Current page contains text 'Invalid username or password'.</msg>
<status status="PASS" starttime="20241115 20:52:51.462" endtime="20241115 20:52:51.482"/>
</kw>
<status status="PASS" starttime="20241115 20:52:51.437" endtime="20241115 20:52:51.482"/>
</kw>
<status status="PASS" starttime="20241115 20:52:51.021" endtime="20241115 20:52:51.482"/>
</test>
<test id="s1-s2-t3" name="Login With Nonexistent Username" line="20">
<kw name="Reset Application Create User And Go To Login Page" type="SETUP">
<kw name="Reset Application" library="AppLibrary">
<status status="PASS" starttime="20241115 20:52:51.483" endtime="20241115 20:52:51.486"/>
</kw>
<kw name="Create User" library="AppLibrary">
<arg>kalle</arg>
<arg>kalle123</arg>
<status status="PASS" starttime="20241115 20:52:51.486" endtime="20241115 20:52:51.491"/>
</kw>
<kw name="Go To Login Page" library="resource">
<kw name="Go To" library="SeleniumLibrary">
<arg>${LOGIN_URL}</arg>
<doc>Navigates the current browser window to the provided ``url``.</doc>
<msg timestamp="20241115 20:52:51.491" level="INFO">Opening url 'http://localhost:5001/login'</msg>
<status status="PASS" starttime="20241115 20:52:51.491" endtime="20241115 20:52:51.513"/>
</kw>
<status status="PASS" starttime="20241115 20:52:51.491" endtime="20241115 20:52:51.513"/>
</kw>
<status status="PASS" starttime="20241115 20:52:51.483" endtime="20241115 20:52:51.513"/>
</kw>
<kw name="Set Username">
<arg>blabla</arg>
<kw name="Input Text" library="SeleniumLibrary">
<arg>username</arg>
<arg>${username}</arg>
<doc>Types the given ``text`` into the text field identified by ``locator``.</doc>
<msg timestamp="20241115 20:52:51.515" level="INFO">Typing text 'blabla' into text field 'username'.</msg>
<status status="PASS" starttime="20241115 20:52:51.514" endtime="20241115 20:52:51.618"/>
</kw>
<status status="PASS" starttime="20241115 20:52:51.513" endtime="20241115 20:52:51.618"/>
</kw>
<kw name="Set Password">
<arg>kalle456</arg>
<kw name="Input Password" library="SeleniumLibrary">
<arg>password</arg>
<arg>${password}</arg>
<doc>Types the given password into the text field identified by ``locator``.</doc>
<msg timestamp="20241115 20:52:51.619" level="INFO">Typing password into text field 'password'.</msg>
<msg timestamp="20241115 20:52:51.656" level="INFO">Temporally setting log level to: NONE</msg>
<msg timestamp="20241115 20:52:51.709" level="INFO">Log level changed from NONE to INFO.</msg>
<status status="PASS" starttime="20241115 20:52:51.618" endtime="20241115 20:52:51.709"/>
</kw>
<status status="PASS" starttime="20241115 20:52:51.618" endtime="20241115 20:52:51.709"/>
</kw>
<kw name="Submit Credentials">
<kw name="Click Button" library="SeleniumLibrary">
<arg>Login</arg>
<doc>Clicks the button identified by ``locator``.</doc>
<msg timestamp="20241115 20:52:51.710" level="INFO">Clicking button 'Login'.</msg>
<status status="PASS" starttime="20241115 20:52:51.709" endtime="20241115 20:52:51.775"/>
</kw>
<status status="PASS" starttime="20241115 20:52:51.709" endtime="20241115 20:52:51.775"/>
</kw>
<kw name="Login Should Fail With Message">
<arg>Invalid username or password</arg>
<kw name="Login Page Should Be Open" library="resource">
<kw name="Title Should Be" library="SeleniumLibrary">
<arg>Login</arg>
<doc>Verifies that the current page title equals ``title``.</doc>
<msg timestamp="20241115 20:52:51.787" level="INFO">Page title is 'Login'.</msg>
<status status="PASS" starttime="20241115 20:52:51.776" endtime="20241115 20:52:51.787"/>
</kw>
<status status="PASS" starttime="20241115 20:52:51.776" endtime="20241115 20:52:51.787"/>
</kw>
<kw name="Page Should Contain" library="SeleniumLibrary">
<arg>${message}</arg>
<doc>Verifies that current page contains ``text``.</doc>
<msg timestamp="20241115 20:52:51.794" level="INFO">Current page contains text 'Invalid username or password'.</msg>
<status status="PASS" starttime="20241115 20:52:51.787" endtime="20241115 20:52:51.794"/>
</kw>
<status status="PASS" starttime="20241115 20:52:51.775" endtime="20241115 20:52:51.794"/>
</kw>
<status status="PASS" starttime="20241115 20:52:51.483" endtime="20241115 20:52:51.794"/>
</test>
<kw name="Close Browser" library="SeleniumLibrary" type="TEARDOWN">
<doc>Closes the current browser.</doc>
<status status="PASS" starttime="20241115 20:52:51.795" endtime="20241115 20:52:51.856"/>
</kw>
<status status="PASS" starttime="20241115 20:52:50.200" endtime="20241115 20:52:51.856"/>
</suite>
<suite id="s1-s3" name="Register" source="/home/akseli/repos/ohtu-palautus/viikko3/web-login/src/tests/register.robot">
<kw name="Open And Configure Browser" library="resource" type="SETUP">
<if>
<branch type="IF" condition="$BROWSER == 'chrome'">
<kw name="Evaluate" library="BuiltIn">
<var>${options}</var>
<arg>sys.modules['selenium.webdriver'].ChromeOptions()</arg>
<arg>sys</arg>
<doc>Evaluates the given expression in Python and returns the result.</doc>
<msg timestamp="20241115 20:52:51.861" level="INFO">${options} = &lt;selenium.webdriver.chrome.options.Options object at 0x7ff1c6eea9c0&gt;</msg>
<status status="PASS" starttime="20241115 20:52:51.861" endtime="20241115 20:52:51.861"/>
</kw>
<status status="PASS" starttime="20241115 20:52:51.860" endtime="20241115 20:52:51.861"/>
</branch>
<branch type="ELSE IF" condition="$BROWSER == 'firefox'">
<kw name="Evaluate" library="BuiltIn">
<var>${options}</var>
<arg>sys.modules['selenium.webdriver'].FirefoxOptions()</arg>
<arg>sys</arg>
<doc>Evaluates the given expression in Python and returns the result.</doc>
<status status="NOT RUN" starttime="20241115 20:52:51.861" endtime="20241115 20:52:51.861"/>
</kw>
<status status="NOT RUN" starttime="20241115 20:52:51.861" endtime="20241115 20:52:51.861"/>
</branch>
<status status="PASS" starttime="20241115 20:52:51.860" endtime="20241115 20:52:51.861"/>
</if>
<if>
<branch type="IF" condition="$HEADLESS == 'true'">
<kw name="Set Selenium Speed" library="SeleniumLibrary">
<arg>0</arg>
<doc>Sets the delay that is waited after each Selenium command.</doc>
<status status="PASS" starttime="20241115 20:52:51.862" endtime="20241115 20:52:51.862"/>
</kw>
<kw name="Call Method" library="BuiltIn">
<arg>${options}</arg>
<arg>add_argument</arg>
<arg>--headless</arg>
<doc>Calls the named method of the given object with the provided arguments.</doc>
<status status="PASS" starttime="20241115 20:52:51.862" endtime="20241115 20:52:51.862"/>
</kw>
<status status="PASS" starttime="20241115 20:52:51.861" endtime="20241115 20:52:51.862"/>
</branch>
<branch type="ELSE">
<kw name="Set Selenium Speed" library="SeleniumLibrary">
<arg>${DELAY}</arg>
<doc>Sets the delay that is waited after each Selenium command.</doc>
<status status="NOT RUN" starttime="20241115 20:52:51.862" endtime="20241115 20:52:51.862"/>
</kw>
<status status="NOT RUN" starttime="20241115 20:52:51.862" endtime="20241115 20:52:51.862"/>
</branch>
<status status="PASS" starttime="20241115 20:52:51.861" endtime="20241115 20:52:51.862"/>
</if>
<kw name="Open Browser" library="SeleniumLibrary">
<arg>browser=${BROWSER}</arg>
<arg>options=${options}</arg>
<doc>Opens a new browser instance to the optional ``url``.</doc>
<msg timestamp="20241115 20:52:51.862" level="INFO">Opening browser 'chrome' to base url 'None'.</msg>
<status status="PASS" starttime="20241115 20:52:51.862" endtime="20241115 20:52:52.386"/>
</kw>
<status status="PASS" starttime="20241115 20:52:51.860" endtime="20241115 20:52:52.387"/>
</kw>
<test id="s1-s3-t1" name="Register With Valid Username And Password" line="9">
<kw name="Reset Application Create User And Go To Register Page" type="SETUP">
<kw name="Reset Application" library="AppLibrary">
<status status="PASS" starttime="20241115 20:52:52.387" endtime="20241115 20:52:52.392"/>
</kw>
<kw name="Create User" library="AppLibrary">
<arg>kalle</arg>
<arg>kalle123</arg>
<status status="PASS" starttime="20241115 20:52:52.392" endtime="20241115 20:52:52.397"/>
</kw>
<kw name="Go To Register Page" library="resource">
<kw name="Go To" library="SeleniumLibrary">
<arg>${REGISTER_URL}</arg>
<doc>Navigates the current browser window to the provided ``url``.</doc>
<msg timestamp="20241115 20:52:52.398" level="INFO">Opening url 'http://localhost:5001/register'</msg>
<status status="PASS" starttime="20241115 20:52:52.397" endtime="20241115 20:52:52.448"/>
</kw>
<status status="PASS" starttime="20241115 20:52:52.397" endtime="20241115 20:52:52.448"/>
</kw>
<status status="PASS" starttime="20241115 20:52:52.387" endtime="20241115 20:52:52.448"/>
</kw>
<kw name="Set Username">
<arg>foobar</arg>
<kw name="Input Text" library="SeleniumLibrary">
<arg>username</arg>
<arg>${username}</arg>
<doc>Types the given ``text`` into the text field identified by ``locator``.</doc>
<msg timestamp="20241115 20:52:52.450" level="INFO">Typing text 'foobar' into text field 'username'.</msg>
<status status="PASS" starttime="20241115 20:52:52.449" endtime="20241115 20:52:52.546"/>
</kw>
<status status="PASS" starttime="20241115 20:52:52.449" endtime="20241115 20:52:52.546"/>
</kw>
<kw name="Set Password">
<arg>foobar123</arg>
<kw name="Input Password" library="SeleniumLibrary">
<arg>password</arg>
<arg>${password}</arg>
<doc>Types the given password into the text field identified by ``locator``.</doc>
<msg timestamp="20241115 20:52:52.548" level="INFO">Typing password into text field 'password'.</msg>
<msg timestamp="20241115 20:52:52.595" level="INFO">Temporally setting log level to: NONE</msg>
<msg timestamp="20241115 20:52:52.646" level="INFO">Log level changed from NONE to INFO.</msg>
<status status="PASS" starttime="20241115 20:52:52.547" endtime="20241115 20:52:52.647"/>
</kw>
<status status="PASS" starttime="20241115 20:52:52.547" endtime="20241115 20:52:52.647"/>
</kw>
<kw name="Set Password Confirmation">
<arg>foobar123</arg>
<kw name="Input Password" library="SeleniumLibrary">
<arg>password_confirmation</arg>
<arg>${password_confirmation}</arg>
<doc>Types the given password into the text field identified by ``locator``.</doc>
<msg timestamp="20241115 20:52:52.647" level="INFO">Typing password into text field 'password_confirmation'.</msg>
<msg timestamp="20241115 20:52:52.687" level="INFO">Temporally setting log level to: NONE</msg>
<msg timestamp="20241115 20:52:52.734" level="INFO">Log level changed from NONE to INFO.</msg>
<status status="PASS" starttime="20241115 20:52:52.647" endtime="20241115 20:52:52.734"/>
</kw>
<status status="PASS" starttime="20241115 20:52:52.647" endtime="20241115 20:52:52.734"/>
</kw>
<kw name="Click Button" library="SeleniumLibrary">
<arg>Register</arg>
<doc>Clicks the button identified by ``locator``.</doc>
<msg timestamp="20241115 20:52:52.735" level="INFO">Clicking button 'Register'.</msg>
<status status="PASS" starttime="20241115 20:52:52.735" endtime="20241115 20:52:52.830"/>
</kw>
<kw name="Register Should Succeed">
<kw name="Welcome Page Should Be Open" library="resource">
<kw name="Title Should Be" library="SeleniumLibrary">
<arg>Welcome to Ohtu Application!</arg>
<doc>Verifies that the current page title equals ``title``.</doc>
<msg timestamp="20241115 20:52:52.843" level="INFO">Page title is 'Welcome to Ohtu Application!'.</msg>
<status status="PASS" starttime="20241115 20:52:52.830" endtime="20241115 20:52:52.844"/>
</kw>
<status status="PASS" starttime="20241115 20:52:52.830" endtime="20241115 20:52:52.844"/>
</kw>
<status status="PASS" starttime="20241115 20:52:52.830" endtime="20241115 20:52:52.844"/>
</kw>
<status status="PASS" starttime="20241115 20:52:52.387" endtime="20241115 20:52:52.844"/>
</test>
<test id="s1-s3-t2" name="Register With Too Short Username And Valid Password" line="16">
<kw name="Reset Application Create User And Go To Register Page" type="SETUP">
<kw name="Reset Application" library="AppLibrary">
<status status="PASS" starttime="20241115 20:52:52.847" endtime="20241115 20:52:52.851"/>
</kw>
<kw name="Create User" library="AppLibrary">
<arg>kalle</arg>
<arg>kalle123</arg>
<status status="PASS" starttime="20241115 20:52:52.851" endtime="20241115 20:52:52.862"/>
</kw>
<kw name="Go To Register Page" library="resource">
<kw name="Go To" library="SeleniumLibrary">
<arg>${REGISTER_URL}</arg>
<doc>Navigates the current browser window to the provided ``url``.</doc>
<msg timestamp="20241115 20:52:52.863" level="INFO">Opening url 'http://localhost:5001/register'</msg>
<status status="PASS" starttime="20241115 20:52:52.863" endtime="20241115 20:52:52.903"/>
</kw>
<status status="PASS" starttime="20241115 20:52:52.862" endtime="20241115 20:52:52.903"/>
</kw>
<status status="PASS" starttime="20241115 20:52:52.846" endtime="20241115 20:52:52.903"/>
</kw>
<kw name="Set Username">
<arg>fo</arg>
<kw name="Input Text" library="SeleniumLibrary">
<arg>username</arg>
<arg>${username}</arg>
<doc>Types the given ``text`` into the text field identified by ``locator``.</doc>
<msg timestamp="20241115 20:52:52.905" level="INFO">Typing text 'fo' into text field 'username'.</msg>
<status status="PASS" starttime="20241115 20:52:52.904" endtime="20241115 20:52:52.999"/>
</kw>
<status status="PASS" starttime="20241115 20:52:52.903" endtime="20241115 20:52:53.000"/>
</kw>
<kw name="Set Password">
<arg>foobar123</arg>
<kw name="Input Password" library="SeleniumLibrary">
<arg>password</arg>
<arg>${password}</arg>
<doc>Types the given password into the text field identified by ``locator``.</doc>
<msg timestamp="20241115 20:52:53.002" level="INFO">Typing password into text field 'password'.</msg>
<msg timestamp="20241115 20:52:53.052" level="INFO">Temporally setting log level to: NONE</msg>
<msg timestamp="20241115 20:52:53.116" level="INFO">Log level changed from NONE to INFO.</msg>
<status status="PASS" starttime="20241115 20:52:53.001" endtime="20241115 20:52:53.116"/>
</kw>
<status status="PASS" starttime="20241115 20:52:53.000" endtime="20241115 20:52:53.116"/>
</kw>
<kw name="Set Password Confirmation">
<arg>foobar123</arg>
<kw name="Input Password" library="SeleniumLibrary">
<arg>password_confirmation</arg>
<arg>${password_confirmation}</arg>
<doc>Types the given password into the text field identified by ``locator``.</doc>
<msg timestamp="20241115 20:52:53.117" level="INFO">Typing password into text field 'password_confirmation'.</msg>
<msg timestamp="20241115 20:52:53.149" level="INFO">Temporally setting log level to: NONE</msg>
<msg timestamp="20241115 20:52:53.185" level="INFO">Log level changed from NONE to INFO.</msg>
<status status="PASS" starttime="20241115 20:52:53.116" endtime="20241115 20:52:53.185"/>
</kw>
<status status="PASS" starttime="20241115 20:52:53.116" endtime="20241115 20:52:53.185"/>
</kw>
<kw name="Click Button" library="SeleniumLibrary">
<arg>Register</arg>
<doc>Clicks the button identified by ``locator``.</doc>
<msg timestamp="20241115 20:52:53.185" level="INFO">Clicking button 'Register'.</msg>
<status status="PASS" starttime="20241115 20:52:53.185" endtime="20241115 20:52:53.257"/>
</kw>
<kw name="Register Should Fail With Message">
<arg>Username too short</arg>
<kw name="Register Page Should Be Open" library="resource">
<kw name="Title Should Be" library="SeleniumLibrary">
<arg>Register</arg>
<doc>Verifies that the current page title equals ``title``.</doc>
<msg timestamp="20241115 20:52:53.273" level="INFO">Page title is 'Register'.</msg>
<status status="PASS" starttime="20241115 20:52:53.258" endtime="20241115 20:52:53.273"/>
</kw>
<status status="PASS" starttime="20241115 20:52:53.258" endtime="20241115 20:52:53.273"/>
</kw>
<kw name="Page Should Contain" library="SeleniumLibrary">
<arg>${message}</arg>
<doc>Verifies that current page contains ``text``.</doc>
<msg timestamp="20241115 20:52:53.292" level="INFO">Current page contains text 'Username too short'.</msg>
<status status="PASS" starttime="20241115 20:52:53.273" endtime="20241115 20:52:53.292"/>
</kw>
<status status="PASS" starttime="20241115 20:52:53.257" endtime="20241115 20:52:53.292"/>
</kw>
<status status="PASS" starttime="20241115 20:52:52.845" endtime="20241115 20:52:53.292"/>
</test>
<test id="s1-s3-t3" name="Register With Valid Username And Too Short Password" line="23">
<kw name="Reset Application Create User And Go To Register Page" type="SETUP">
<kw name="Reset Application" library="AppLibrary">
<status status="PASS" starttime="20241115 20:52:53.293" endtime="20241115 20:52:53.297"/>
</kw>
<kw name="Create User" library="AppLibrary">
<arg>kalle</arg>
<arg>kalle123</arg>
<status status="PASS" starttime="20241115 20:52:53.297" endtime="20241115 20:52:53.305"/>
</kw>
<kw name="Go To Register Page" library="resource">
<kw name="Go To" library="SeleniumLibrary">
<arg>${REGISTER_URL}</arg>
<doc>Navigates the current browser window to the provided ``url``.</doc>
<msg timestamp="20241115 20:52:53.306" level="INFO">Opening url 'http://localhost:5001/register'</msg>
<status status="PASS" starttime="20241115 20:52:53.305" endtime="20241115 20:52:53.330"/>
</kw>
<status status="PASS" starttime="20241115 20:52:53.305" endtime="20241115 20:52:53.330"/>
</kw>
<status status="PASS" starttime="20241115 20:52:53.293" endtime="20241115 20:52:53.330"/>
</kw>
<kw name="Set Username">
<arg>foobar</arg>
<kw name="Input Text" library="SeleniumLibrary">
<arg>username</arg>
<arg>${username}</arg>
<doc>Types the given ``text`` into the text field identified by ``locator``.</doc>
<msg timestamp="20241115 20:52:53.332" level="INFO">Typing text 'foobar' into text field 'username'.</msg>
<status status="PASS" starttime="20241115 20:52:53.331" endtime="20241115 20:52:53.416"/>
</kw>
<status status="PASS" starttime="20241115 20:52:53.331" endtime="20241115 20:52:53.416"/>
</kw>
<kw name="Set Password">
<arg>foobar1</arg>
<kw name="Input Password" library="SeleniumLibrary">
<arg>password</arg>
<arg>${password}</arg>
<doc>Types the given password into the text field identified by ``locator``.</doc>
<msg timestamp="20241115 20:52:53.417" level="INFO">Typing password into text field 'password'.</msg>
<msg timestamp="20241115 20:52:53.447" level="INFO">Temporally setting log level to: NONE</msg>
<msg timestamp="20241115 20:52:53.477" level="INFO">Log level changed from NONE to INFO.</msg>
<status status="PASS" starttime="20241115 20:52:53.416" endtime="20241115 20:52:53.478"/>
</kw>
<status status="PASS" starttime="20241115 20:52:53.416" endtime="20241115 20:52:53.478"/>
</kw>
<kw name="Set Password Confirmation">
<arg>foobar1</arg>
<kw name="Input Password" library="SeleniumLibrary">
<arg>password_confirmation</arg>
<arg>${password_confirmation}</arg>
<doc>Types the given password into the text field identified by ``locator``.</doc>
<msg timestamp="20241115 20:52:53.478" level="INFO">Typing password into text field 'password_confirmation'.</msg>
<msg timestamp="20241115 20:52:53.500" level="INFO">Temporally setting log level to: NONE</msg>
<msg timestamp="20241115 20:52:53.536" level="INFO">Log level changed from NONE to INFO.</msg>
<status status="PASS" starttime="20241115 20:52:53.478" endtime="20241115 20:52:53.536"/>
</kw>
<status status="PASS" starttime="20241115 20:52:53.478" endtime="20241115 20:52:53.536"/>
</kw>
<kw name="Click Button" library="SeleniumLibrary">
<arg>Register</arg>
<doc>Clicks the button identified by ``locator``.</doc>
<msg timestamp="20241115 20:52:53.536" level="INFO">Clicking button 'Register'.</msg>
<status status="PASS" starttime="20241115 20:52:53.536" endtime="20241115 20:52:53.596"/>
</kw>
<kw name="Register Should Fail With Message">
<arg>Password too short</arg>
<kw name="Register Page Should Be Open" library="resource">
<kw name="Title Should Be" library="SeleniumLibrary">
<arg>Register</arg>
<doc>Verifies that the current page title equals ``title``.</doc>
<msg timestamp="20241115 20:52:53.617" level="INFO">Page title is 'Register'.</msg>
<status status="PASS" starttime="20241115 20:52:53.597" endtime="20241115 20:52:53.617"/>
</kw>
<status status="PASS" starttime="20241115 20:52:53.597" endtime="20241115 20:52:53.617"/>
</kw>
<kw name="Page Should Contain" library="SeleniumLibrary">
<arg>${message}</arg>
<doc>Verifies that current page contains ``text``.</doc>
<msg timestamp="20241115 20:52:53.646" level="INFO">Current page contains text 'Password too short'.</msg>
<status status="PASS" starttime="20241115 20:52:53.617" endtime="20241115 20:52:53.646"/>
</kw>
<status status="PASS" starttime="20241115 20:52:53.596" endtime="20241115 20:52:53.646"/>
</kw>
<status status="PASS" starttime="20241115 20:52:53.292" endtime="20241115 20:52:53.646"/>
</test>
<test id="s1-s3-t4" name="Register With Valid Username And Invalid Password" line="30">
<kw name="Reset Application Create User And Go To Register Page" type="SETUP">
<kw name="Reset Application" library="AppLibrary">
<status status="PASS" starttime="20241115 20:52:53.647" endtime="20241115 20:52:53.651"/>
</kw>
<kw name="Create User" library="AppLibrary">
<arg>kalle</arg>
<arg>kalle123</arg>
<status status="PASS" starttime="20241115 20:52:53.651" endtime="20241115 20:52:53.660"/>
</kw>
<kw name="Go To Register Page" library="resource">
<kw name="Go To" library="SeleniumLibrary">
<arg>${REGISTER_URL}</arg>
<doc>Navigates the current browser window to the provided ``url``.</doc>
<msg timestamp="20241115 20:52:53.661" level="INFO">Opening url 'http://localhost:5001/register'</msg>
<status status="PASS" starttime="20241115 20:52:53.661" endtime="20241115 20:52:53.685"/>
</kw>
<status status="PASS" starttime="20241115 20:52:53.660" endtime="20241115 20:52:53.685"/>
</kw>
<status status="PASS" starttime="20241115 20:52:53.647" endtime="20241115 20:52:53.685"/>
</kw>
<kw name="Set Username">
<arg>foobar</arg>
<kw name="Input Text" library="SeleniumLibrary">
<arg>username</arg>
<arg>${username}</arg>
<doc>Types the given ``text`` into the text field identified by ``locator``.</doc>
<msg timestamp="20241115 20:52:53.686" level="INFO">Typing text 'foobar' into text field 'username'.</msg>
<status status="PASS" starttime="20241115 20:52:53.686" endtime="20241115 20:52:53.799"/>
</kw>
<status status="PASS" starttime="20241115 20:52:53.685" endtime="20241115 20:52:53.799"/>
</kw>
<kw name="Set Password">
<arg>foobarbaz</arg>
<kw name="Input Password" library="SeleniumLibrary">
<arg>password</arg>
<arg>${password}</arg>
<doc>Types the given password into the text field identified by ``locator``.</doc>
<msg timestamp="20241115 20:52:53.801" level="INFO">Typing password into text field 'password'.</msg>
<msg timestamp="20241115 20:52:53.856" level="INFO">Temporally setting log level to: NONE</msg>
<msg timestamp="20241115 20:52:53.885" level="INFO">Log level changed from NONE to INFO.</msg>
<status status="PASS" starttime="20241115 20:52:53.800" endtime="20241115 20:52:53.885"/>
</kw>
<status status="PASS" starttime="20241115 20:52:53.800" endtime="20241115 20:52:53.885"/>
</kw>
<kw name="Set Password Confirmation">
<arg>foobarbaz</arg>
<kw name="Input Password" library="SeleniumLibrary">
<arg>password_confirmation</arg>
<arg>${password_confirmation}</arg>
<doc>Types the given password into the text field identified by ``locator``.</doc>
<msg timestamp="20241115 20:52:53.886" level="INFO">Typing password into text field 'password_confirmation'.</msg>
<msg timestamp="20241115 20:52:53.922" level="INFO">Temporally setting log level to: NONE</msg>
<msg timestamp="20241115 20:52:53.966" level="INFO">Log level changed from NONE to INFO.</msg>
<status status="PASS" starttime="20241115 20:52:53.885" endtime="20241115 20:52:53.966"/>
</kw>
<status status="PASS" starttime="20241115 20:52:53.885" endtime="20241115 20:52:53.966"/>
</kw>
<kw name="Click Button" library="SeleniumLibrary">
<arg>Register</arg>
<doc>Clicks the button identified by ``locator``.</doc>
<msg timestamp="20241115 20:52:53.967" level="INFO">Clicking button 'Register'.</msg>
<status status="PASS" starttime="20241115 20:52:53.966" endtime="20241115 20:52:54.034"/>
</kw>
<kw name="Register Should Fail With Message">
<arg>Invalid password</arg>
<kw name="Register Page Should Be Open" library="resource">
<kw name="Title Should Be" library="SeleniumLibrary">
<arg>Register</arg>
<doc>Verifies that the current page title equals ``title``.</doc>
<msg timestamp="20241115 20:52:54.052" level="INFO">Page title is 'Register'.</msg>
<status status="PASS" starttime="20241115 20:52:54.035" endtime="20241115 20:52:54.052"/>
</kw>
<status status="PASS" starttime="20241115 20:52:54.034" endtime="20241115 20:52:54.052"/>
</kw>
<kw name="Page Should Contain" library="SeleniumLibrary">
<arg>${message}</arg>
<doc>Verifies that current page contains ``text``.</doc>
<msg timestamp="20241115 20:52:54.076" level="INFO">Current page contains text 'Invalid password'.</msg>
<status status="PASS" starttime="20241115 20:52:54.052" endtime="20241115 20:52:54.076"/>
</kw>
<status status="PASS" starttime="20241115 20:52:54.034" endtime="20241115 20:52:54.076"/>
</kw>
<status status="PASS" starttime="20241115 20:52:53.647" endtime="20241115 20:52:54.077"/>
</test>
<test id="s1-s3-t5" name="Register With Nonmatching Password And Password Confirmation" line="37">
<kw name="Reset Application Create User And Go To Register Page" type="SETUP">
<kw name="Reset Application" library="AppLibrary">
<status status="PASS" starttime="20241115 20:52:54.078" endtime="20241115 20:52:54.082"/>
</kw>
<kw name="Create User" library="AppLibrary">
<arg>kalle</arg>
<arg>kalle123</arg>
<status status="PASS" starttime="20241115 20:52:54.082" endtime="20241115 20:52:54.091"/>
</kw>
<kw name="Go To Register Page" library="resource">
<kw name="Go To" library="SeleniumLibrary">
<arg>${REGISTER_URL}</arg>
<doc>Navigates the current browser window to the provided ``url``.</doc>
<msg timestamp="20241115 20:52:54.092" level="INFO">Opening url 'http://localhost:5001/register'</msg>
<status status="PASS" starttime="20241115 20:52:54.092" endtime="20241115 20:52:54.117"/>
</kw>
<status status="PASS" starttime="20241115 20:52:54.092" endtime="20241115 20:52:54.117"/>
</kw>
<status status="PASS" starttime="20241115 20:52:54.078" endtime="20241115 20:52:54.117"/>
</kw>
<kw name="Set Username">
<arg>foobar</arg>
<kw name="Input Text" library="SeleniumLibrary">
<arg>username</arg>
<arg>${username}</arg>
<doc>Types the given ``text`` into the text field identified by ``locator``.</doc>
<msg timestamp="20241115 20:52:54.119" level="INFO">Typing text 'foobar' into text field 'username'.</msg>
<status status="PASS" starttime="20241115 20:52:54.118" endtime="20241115 20:52:54.209"/>
</kw>
<status status="PASS" starttime="20241115 20:52:54.118" endtime="20241115 20:52:54.209"/>
</kw>
<kw name="Set Password">
<arg>foobar123</arg>
<kw name="Input Password" library="SeleniumLibrary">
<arg>password</arg>
<arg>${password}</arg>
<doc>Types the given password into the text field identified by ``locator``.</doc>
<msg timestamp="20241115 20:52:54.210" level="INFO">Typing password into text field 'password'.</msg>
<msg timestamp="20241115 20:52:54.247" level="INFO">Temporally setting log level to: NONE</msg>
<msg timestamp="20241115 20:52:54.291" level="INFO">Log level changed from NONE to INFO.</msg>
<status status="PASS" starttime="20241115 20:52:54.209" endtime="20241115 20:52:54.291"/>
</kw>
<status status="PASS" starttime="20241115 20:52:54.209" endtime="20241115 20:52:54.291"/>
</kw>
<kw name="Set Password Confirmation">
<arg>foobar12</arg>
<kw name="Input Password" library="SeleniumLibrary">
<arg>password_confirmation</arg>
<arg>${password_confirmation}</arg>
<doc>Types the given password into the text field identified by ``locator``.</doc>
<msg timestamp="20241115 20:52:54.292" level="INFO">Typing password into text field 'password_confirmation'.</msg>
<msg timestamp="20241115 20:52:54.322" level="INFO">Temporally setting log level to: NONE</msg>
<msg timestamp="20241115 20:52:54.360" level="INFO">Log level changed from NONE to INFO.</msg>
<status status="PASS" starttime="20241115 20:52:54.291" endtime="20241115 20:52:54.360"/>
</kw>
<status status="PASS" starttime="20241115 20:52:54.291" endtime="20241115 20:52:54.360"/>
</kw>
<kw name="Click Button" library="SeleniumLibrary">
<arg>Register</arg>
<doc>Clicks the button identified by ``locator``.</doc>
<msg timestamp="20241115 20:52:54.360" level="INFO">Clicking button 'Register'.</msg>
<status status="PASS" starttime="20241115 20:52:54.360" endtime="20241115 20:52:54.405"/>
</kw>
<kw name="Register Should Fail With Message">
<arg>Passwords do not match</arg>
<kw name="Register Page Should Be Open" library="resource">
<kw name="Title Should Be" library="SeleniumLibrary">
<arg>Register</arg>
<doc>Verifies that the current page title equals ``title``.</doc>
<msg timestamp="20241115 20:52:54.421" level="INFO">Page title is 'Register'.</msg>
<status status="PASS" starttime="20241115 20:52:54.407" endtime="20241115 20:52:54.422"/>
</kw>
<status status="PASS" starttime="20241115 20:52:54.406" endtime="20241115 20:52:54.422"/>
</kw>
<kw name="Page Should Contain" library="SeleniumLibrary">
<arg>${message}</arg>
<doc>Verifies that current page contains ``text``.</doc>
<msg timestamp="20241115 20:52:54.441" level="INFO">Current page contains text 'Passwords do not match'.</msg>
<status status="PASS" starttime="20241115 20:52:54.422" endtime="20241115 20:52:54.441"/>
</kw>
<status status="PASS" starttime="20241115 20:52:54.406" endtime="20241115 20:52:54.441"/>
</kw>
<status status="PASS" starttime="20241115 20:52:54.077" endtime="20241115 20:52:54.441"/>
</test>
<test id="s1-s3-t6" name="Register With Username That Is Already In Use" line="44">
<kw name="Reset Application Create User And Go To Register Page" type="SETUP">
<kw name="Reset Application" library="AppLibrary">
<status status="PASS" starttime="20241115 20:52:54.442" endtime="20241115 20:52:54.445"/>
</kw>
<kw name="Create User" library="AppLibrary">
<arg>kalle</arg>
<arg>kalle123</arg>
<status status="PASS" starttime="20241115 20:52:54.445" endtime="20241115 20:52:54.451"/>
</kw>
<kw name="Go To Register Page" library="resource">
<kw name="Go To" library="SeleniumLibrary">
<arg>${REGISTER_URL}</arg>
<doc>Navigates the current browser window to the provided ``url``.</doc>
<msg timestamp="20241115 20:52:54.452" level="INFO">Opening url 'http://localhost:5001/register'</msg>
<status status="PASS" starttime="20241115 20:52:54.452" endtime="20241115 20:52:54.476"/>
</kw>
<status status="PASS" starttime="20241115 20:52:54.452" endtime="20241115 20:52:54.476"/>
</kw>
<status status="PASS" starttime="20241115 20:52:54.442" endtime="20241115 20:52:54.476"/>
</kw>
<kw name="Set Username">
<arg>kalle</arg>
<kw name="Input Text" library="SeleniumLibrary">
<arg>username</arg>
<arg>${username}</arg>
<doc>Types the given ``text`` into the text field identified by ``locator``.</doc>
<msg timestamp="20241115 20:52:54.477" level="INFO">Typing text 'kalle' into text field 'username'.</msg>
<status status="PASS" starttime="20241115 20:52:54.476" endtime="20241115 20:52:54.557"/>
</kw>
<status status="PASS" starttime="20241115 20:52:54.476" endtime="20241115 20:52:54.557"/>
</kw>
<kw name="Set Password">
<arg>foobar123</arg>
<kw name="Input Password" library="SeleniumLibrary">
<arg>password</arg>
<arg>${password}</arg>
<doc>Types the given password into the text field identified by ``locator``.</doc>
<msg timestamp="20241115 20:52:54.559" level="INFO">Typing password into text field 'password'.</msg>
<msg timestamp="20241115 20:52:54.594" level="INFO">Temporally setting log level to: NONE</msg>
<msg timestamp="20241115 20:52:54.641" level="INFO">Log level changed from NONE to INFO.</msg>
<status status="PASS" starttime="20241115 20:52:54.558" endtime="20241115 20:52:54.641"/>
</kw>
<status status="PASS" starttime="20241115 20:52:54.558" endtime="20241115 20:52:54.641"/>
</kw>
<kw name="Set Password Confirmation">
<arg>foobar123</arg>
<kw name="Input Password" library="SeleniumLibrary">
<arg>password_confirmation</arg>
<arg>${password_confirmation}</arg>
<doc>Types the given password into the text field identified by ``locator``.</doc>
<msg timestamp="20241115 20:52:54.642" level="INFO">Typing password into text field 'password_confirmation'.</msg>
<msg timestamp="20241115 20:52:54.677" level="INFO">Temporally setting log level to: NONE</msg>
<msg timestamp="20241115 20:52:54.723" level="INFO">Log level changed from NONE to INFO.</msg>
<status status="PASS" starttime="20241115 20:52:54.642" endtime="20241115 20:52:54.724"/>
</kw>
<status status="PASS" starttime="20241115 20:52:54.641" endtime="20241115 20:52:54.724"/>
</kw>
<kw name="Click Button" library="SeleniumLibrary">
<arg>Register</arg>
<doc>Clicks the button identified by ``locator``.</doc>
<msg timestamp="20241115 20:52:54.725" level="INFO">Clicking button 'Register'.</msg>
<status status="PASS" starttime="20241115 20:52:54.724" endtime="20241115 20:52:54.797"/>
</kw>
<kw name="Register Should Fail With Message">
<arg>Username already in use</arg>
<kw name="Register Page Should Be Open" library="resource">
<kw name="Title Should Be" library="SeleniumLibrary">
<arg>Register</arg>
<doc>Verifies that the current page title equals ``title``.</doc>
<msg timestamp="20241115 20:52:54.820" level="INFO">Page title is 'Register'.</msg>
<status status="PASS" starttime="20241115 20:52:54.799" endtime="20241115 20:52:54.820"/>
</kw>
<status status="PASS" starttime="20241115 20:52:54.798" endtime="20241115 20:52:54.820"/>
</kw>
<kw name="Page Should Contain" library="SeleniumLibrary">
<arg>${message}</arg>
<doc>Verifies that current page contains ``text``.</doc>
<msg timestamp="20241115 20:52:54.839" level="INFO">Current page contains text 'Username already in use'.</msg>
<status status="PASS" starttime="20241115 20:52:54.820" endtime="20241115 20:52:54.840"/>
</kw>
<status status="PASS" starttime="20241115 20:52:54.798" endtime="20241115 20:52:54.840"/>
</kw>
<status status="PASS" starttime="20241115 20:52:54.442" endtime="20241115 20:52:54.840"/>
</test>
<test id="s1-s3-t7" name="Login After Successful Registration" line="51">
<kw name="Reset Application Create User And Go To Register Page" type="SETUP">
<kw name="Reset Application" library="AppLibrary">
<status status="PASS" starttime="20241115 20:52:54.841" endtime="20241115 20:52:54.845"/>
</kw>
<kw name="Create User" library="AppLibrary">
<arg>kalle</arg>
<arg>kalle123</arg>
<status status="PASS" starttime="20241115 20:52:54.846" endtime="20241115 20:52:54.850"/>
</kw>
<kw name="Go To Register Page" library="resource">
<kw name="Go To" library="SeleniumLibrary">
<arg>${REGISTER_URL}</arg>
<doc>Navigates the current browser window to the provided ``url``.</doc>
<msg timestamp="20241115 20:52:54.851" level="INFO">Opening url 'http://localhost:5001/register'</msg>
<status status="PASS" starttime="20241115 20:52:54.851" endtime="20241115 20:52:54.871"/>
</kw>
<status status="PASS" starttime="20241115 20:52:54.851" endtime="20241115 20:52:54.871"/>
</kw>
<status status="PASS" starttime="20241115 20:52:54.841" endtime="20241115 20:52:54.871"/>
</kw>
<kw name="Set Username">
<arg>foobar</arg>
<kw name="Input Text" library="SeleniumLibrary">
<arg>username</arg>
<arg>${username}</arg>
<doc>Types the given ``text`` into the text field identified by ``locator``.</doc>
<msg timestamp="20241115 20:52:54.873" level="INFO">Typing text 'foobar' into text field 'username'.</msg>
<status status="PASS" starttime="20241115 20:52:54.872" endtime="20241115 20:52:54.950"/>
</kw>
<status status="PASS" starttime="20241115 20:52:54.872" endtime="20241115 20:52:54.950"/>
</kw>
<kw name="Set Password">
<arg>foobar123</arg>
<kw name="Input Password" library="SeleniumLibrary">
<arg>password</arg>
<arg>${password}</arg>
<doc>Types the given password into the text field identified by ``locator``.</doc>
<msg timestamp="20241115 20:52:54.952" level="INFO">Typing password into text field 'password'.</msg>
<msg timestamp="20241115 20:52:54.982" level="INFO">Temporally setting log level to: NONE</msg>
<msg timestamp="20241115 20:52:55.023" level="INFO">Log level changed from NONE to INFO.</msg>
<status status="PASS" starttime="20241115 20:52:54.951" endtime="20241115 20:52:55.023"/>
</kw>
<status status="PASS" starttime="20241115 20:52:54.951" endtime="20241115 20:52:55.023"/>
</kw>
<kw name="Set Password Confirmation">
<arg>foobar123</arg>
<kw name="Input Password" library="SeleniumLibrary">
<arg>password_confirmation</arg>
<arg>${password_confirmation}</arg>
<doc>Types the given password into the text field identified by ``locator``.</doc>
<msg timestamp="20241115 20:52:55.024" level="INFO">Typing password into text field 'password_confirmation'.</msg>
<msg timestamp="20241115 20:52:55.047" level="INFO">Temporally setting log level to: NONE</msg>
<msg timestamp="20241115 20:52:55.082" level="INFO">Log level changed from NONE to INFO.</msg>
<status status="PASS" starttime="20241115 20:52:55.023" endtime="20241115 20:52:55.082"/>
</kw>
<status status="PASS" starttime="20241115 20:52:55.023" endtime="20241115 20:52:55.082"/>
</kw>
<kw name="Click Button" library="SeleniumLibrary">
<arg>Register</arg>
<doc>Clicks the button identified by ``locator``.</doc>
<msg timestamp="20241115 20:52:55.082" level="INFO">Clicking button 'Register'.</msg>
<status status="PASS" starttime="20241115 20:52:55.082" endtime="20241115 20:52:55.144"/>
</kw>
<kw name="Register Should Succeed">
<kw name="Welcome Page Should Be Open" library="resource">
<kw name="Title Should Be" library="SeleniumLibrary">
<arg>Welcome to Ohtu Application!</arg>
<doc>Verifies that the current page title equals ``title``.</doc>
<msg timestamp="20241115 20:52:55.161" level="INFO">Page title is 'Welcome to Ohtu Application!'.</msg>
<status status="PASS" starttime="20241115 20:52:55.145" endtime="20241115 20:52:55.161"/>
</kw>
<status status="PASS" starttime="20241115 20:52:55.145" endtime="20241115 20:52:55.161"/>
</kw>
<status status="PASS" starttime="20241115 20:52:55.145" endtime="20241115 20:52:55.161"/>
</kw>
<kw name="Click Link" library="SeleniumLibrary">
<arg>ohtu</arg>
<doc>Clicks a link identified by ``locator``.</doc>
<msg timestamp="20241115 20:52:55.162" level="INFO">Clicking link 'ohtu'.</msg>
<status status="PASS" starttime="20241115 20:52:55.162" endtime="20241115 20:52:55.248"/>
</kw>
<kw name="Click Button" library="SeleniumLibrary">
<arg>Logout</arg>
<doc>Clicks the button identified by ``locator``.</doc>
<msg timestamp="20241115 20:52:55.249" level="INFO">Clicking button 'Logout'.</msg>
<status status="PASS" starttime="20241115 20:52:55.248" endtime="20241115 20:52:55.331"/>
</kw>
<kw name="Login Page Should Be Open" library="resource">
<kw name="Title Should Be" library="SeleniumLibrary">
<arg>Login</arg>
<doc>Verifies that the current page title equals ``title``.</doc>
<msg timestamp="20241115 20:52:55.352" level="INFO">Page title is 'Login'.</msg>
<status status="PASS" starttime="20241115 20:52:55.332" endtime="20241115 20:52:55.352"/>
</kw>
<status status="PASS" starttime="20241115 20:52:55.332" endtime="20241115 20:52:55.352"/>
</kw>
<kw name="Set Username">
<arg>kalle</arg>
<kw name="Input Text" library="SeleniumLibrary">
<arg>username</arg>
<arg>${username}</arg>
<doc>Types the given ``text`` into the text field identified by ``locator``.</doc>
<msg timestamp="20241115 20:52:55.354" level="INFO">Typing text 'kalle' into text field 'username'.</msg>
<status status="PASS" starttime="20241115 20:52:55.353" endtime="20241115 20:52:55.441"/>
</kw>
<status status="PASS" starttime="20241115 20:52:55.353" endtime="20241115 20:52:55.441"/>
</kw>
<kw name="Set Password">
<arg>kalle123</arg>
<kw name="Input Password" library="SeleniumLibrary">
<arg>password</arg>
<arg>${password}</arg>
<doc>Types the given password into the text field identified by ``locator``.</doc>
<msg timestamp="20241115 20:52:55.442" level="INFO">Typing password into text field 'password'.</msg>
<msg timestamp="20241115 20:52:55.474" level="INFO">Temporally setting log level to: NONE</msg>
<msg timestamp="20241115 20:52:55.503" level="INFO">Log level changed from NONE to INFO.</msg>
<status status="PASS" starttime="20241115 20:52:55.441" endtime="20241115 20:52:55.503"/>
</kw>
<status status="PASS" starttime="20241115 20:52:55.441" endtime="20241115 20:52:55.503"/>
</kw>
<kw name="Click Button" library="SeleniumLibrary">
<arg>Login</arg>
<doc>Clicks the button identified by ``locator``.</doc>
<msg timestamp="20241115 20:52:55.503" level="INFO">Clicking button 'Login'.</msg>
<status status="PASS" starttime="20241115 20:52:55.503" endtime="20241115 20:52:55.550"/>
</kw>
<kw name="Login Should Succeed">
<kw name="Main Page Should Be Open" library="resource">
<kw name="Title Should Be" library="SeleniumLibrary">
<arg>Ohtu Application main page</arg>
<doc>Verifies that the current page title equals ``title``.</doc>
<msg timestamp="20241115 20:52:55.565" level="INFO">Page title is 'Ohtu Application main page'.</msg>
<status status="PASS" starttime="20241115 20:52:55.551" endtime="20241115 20:52:55.565"/>
</kw>
<status status="PASS" starttime="20241115 20:52:55.551" endtime="20241115 20:52:55.565"/>
</kw>
<status status="PASS" starttime="20241115 20:52:55.550" endtime="20241115 20:52:55.565"/>
</kw>
<status status="PASS" starttime="20241115 20:52:54.840" endtime="20241115 20:52:55.565"/>
</test>
<test id="s1-s3-t8" name="Login After Failed Registration" line="65">
<kw name="Reset Application Create User And Go To Register Page" type="SETUP">
<kw name="Reset Application" library="AppLibrary">
<status status="PASS" starttime="20241115 20:52:55.566" endtime="20241115 20:52:55.569"/>
</kw>
<kw name="Create User" library="AppLibrary">
<arg>kalle</arg>
<arg>kalle123</arg>
<status status="PASS" starttime="20241115 20:52:55.569" endtime="20241115 20:52:55.575"/>
</kw>
<kw name="Go To Register Page" library="resource">
<kw name="Go To" library="SeleniumLibrary">
<arg>${REGISTER_URL}</arg>
<doc>Navigates the current browser window to the provided ``url``.</doc>
<msg timestamp="20241115 20:52:55.575" level="INFO">Opening url 'http://localhost:5001/register'</msg>
<status status="PASS" starttime="20241115 20:52:55.575" endtime="20241115 20:52:55.603"/>
</kw>
<status status="PASS" starttime="20241115 20:52:55.575" endtime="20241115 20:52:55.603"/>
</kw>
<status status="PASS" starttime="20241115 20:52:55.566" endtime="20241115 20:52:55.603"/>
</kw>
<kw name="Set Username">
<arg>fo</arg>
<kw name="Input Text" library="SeleniumLibrary">
<arg>username</arg>
<arg>${username}</arg>
<doc>Types the given ``text`` into the text field identified by ``locator``.</doc>
<msg timestamp="20241115 20:52:55.604" level="INFO">Typing text 'fo' into text field 'username'.</msg>
<status status="PASS" starttime="20241115 20:52:55.603" endtime="20241115 20:52:55.679"/>
</kw>
<status status="PASS" starttime="20241115 20:52:55.603" endtime="20241115 20:52:55.679"/>
</kw>
<kw name="Set Password">
<arg>foobar123</arg>
<kw name="Input Password" library="SeleniumLibrary">
<arg>password</arg>
<arg>${password}</arg>
<doc>Types the given password into the text field identified by ``locator``.</doc>
<msg timestamp="20241115 20:52:55.680" level="INFO">Typing password into text field 'password'.</msg>
<msg timestamp="20241115 20:52:55.712" level="INFO">Temporally setting log level to: NONE</msg>
<msg timestamp="20241115 20:52:55.762" level="INFO">Log level changed from NONE to INFO.</msg>
<status status="PASS" starttime="20241115 20:52:55.680" endtime="20241115 20:52:55.762"/>
</kw>
<status status="PASS" starttime="20241115 20:52:55.679" endtime="20241115 20:52:55.762"/>
</kw>
<kw name="Set Password Confirmation">
<arg>foobar123</arg>
<kw name="Input Password" library="SeleniumLibrary">
<arg>password_confirmation</arg>
<arg>${password_confirmation}</arg>
<doc>Types the given password into the text field identified by ``locator``.</doc>
<msg timestamp="20241115 20:52:55.763" level="INFO">Typing password into text field 'password_confirmation'.</msg>
<msg timestamp="20241115 20:52:55.786" level="INFO">Temporally setting log level to: NONE</msg>
<msg timestamp="20241115 20:52:55.821" level="INFO">Log level changed from NONE to INFO.</msg>
<status status="PASS" starttime="20241115 20:52:55.763" endtime="20241115 20:52:55.821"/>
</kw>
<status status="PASS" starttime="20241115 20:52:55.762" endtime="20241115 20:52:55.822"/>
</kw>
<kw name="Click Button" library="SeleniumLibrary">
<arg>Register</arg>
<doc>Clicks the button identified by ``locator``.</doc>
<msg timestamp="20241115 20:52:55.822" level="INFO">Clicking button 'Register'.</msg>
<status status="PASS" starttime="20241115 20:52:55.822" endtime="20241115 20:52:55.971"/>
</kw>
<kw name="Register Should Fail With Message">
<arg>Username too short</arg>
<kw name="Register Page Should Be Open" library="resource">
<kw name="Title Should Be" library="SeleniumLibrary">
<arg>Register</arg>
<doc>Verifies that the current page title equals ``title``.</doc>
<msg timestamp="20241115 20:52:55.999" level="INFO">Page title is 'Register'.</msg>
<status status="PASS" starttime="20241115 20:52:55.973" endtime="20241115 20:52:55.999"/>
</kw>
<status status="PASS" starttime="20241115 20:52:55.973" endtime="20241115 20:52:55.999"/>
</kw>
<kw name="Page Should Contain" library="SeleniumLibrary">
<arg>${message}</arg>
<doc>Verifies that current page contains ``text``.</doc>
<msg timestamp="20241115 20:52:56.016" level="INFO">Current page contains text 'Username too short'.</msg>
<status status="PASS" starttime="20241115 20:52:55.999" endtime="20241115 20:52:56.016"/>
</kw>
<status status="PASS" starttime="20241115 20:52:55.972" endtime="20241115 20:52:56.016"/>
</kw>
<kw name="Click Link" library="SeleniumLibrary">
<arg>/login</arg>
<doc>Clicks a link identified by ``locator``.</doc>
<msg timestamp="20241115 20:52:56.017" level="INFO">Clicking link '/login'.</msg>
<status status="PASS" starttime="20241115 20:52:56.017" endtime="20241115 20:52:56.099"/>
</kw>
<kw name="Login Page Should Be Open" library="resource">
<kw name="Title Should Be" library="SeleniumLibrary">
<arg>Login</arg>
<doc>Verifies that the current page title equals ``title``.</doc>
<msg timestamp="20241115 20:52:56.112" level="INFO">Page title is 'Login'.</msg>
<status status="PASS" starttime="20241115 20:52:56.100" endtime="20241115 20:52:56.112"/>
</kw>
<status status="PASS" starttime="20241115 20:52:56.100" endtime="20241115 20:52:56.112"/>
</kw>
<kw name="Set Username">
<arg>fo</arg>
<kw name="Input Text" library="SeleniumLibrary">
<arg>username</arg>
<arg>${username}</arg>
<doc>Types the given ``text`` into the text field identified by ``locator``.</doc>
<msg timestamp="20241115 20:52:56.114" level="INFO">Typing text 'fo' into text field 'username'.</msg>
<status status="PASS" starttime="20241115 20:52:56.113" endtime="20241115 20:52:56.239"/>
</kw>
<status status="PASS" starttime="20241115 20:52:56.112" endtime="20241115 20:52:56.239"/>
</kw>
<kw name="Set Password">
<arg>foobar123</arg>
<kw name="Input Password" library="SeleniumLibrary">
<arg>password</arg>
<arg>${password}</arg>
<doc>Types the given password into the text field identified by ``locator``.</doc>
<msg timestamp="20241115 20:52:56.241" level="INFO">Typing password into text field 'password'.</msg>
<msg timestamp="20241115 20:52:56.272" level="INFO">Temporally setting log level to: NONE</msg>
<msg timestamp="20241115 20:52:56.336" level="INFO">Log level changed from NONE to INFO.</msg>
<status status="PASS" starttime="20241115 20:52:56.240" endtime="20241115 20:52:56.336"/>
</kw>
<status status="PASS" starttime="20241115 20:52:56.239" endtime="20241115 20:52:56.336"/>
</kw>
<kw name="Click Button" library="SeleniumLibrary">
<arg>Login</arg>
<doc>Clicks the button identified by ``locator``.</doc>
<msg timestamp="20241115 20:52:56.338" level="INFO">Clicking button 'Login'.</msg>
<status status="PASS" starttime="20241115 20:52:56.337" endtime="20241115 20:52:56.414"/>
</kw>
<kw name="Login Should Fail With Message">
<arg>Invalid username or password</arg>
<kw name="Login Page Should Be Open" library="resource">
<kw name="Title Should Be" library="SeleniumLibrary">
<arg>Login</arg>
<doc>Verifies that the current page title equals ``title``.</doc>
<msg timestamp="20241115 20:52:56.431" level="INFO">Page title is 'Login'.</msg>
<status status="PASS" starttime="20241115 20:52:56.415" endtime="20241115 20:52:56.431"/>
</kw>
<status status="PASS" starttime="20241115 20:52:56.415" endtime="20241115 20:52:56.431"/>
</kw>
<kw name="Page Should Contain" library="SeleniumLibrary">
<arg>${message}</arg>
<doc>Verifies that current page contains ``text``.</doc>
<msg timestamp="20241115 20:52:56.457" level="INFO">Current page contains text 'Invalid username or password'.</msg>
<status status="PASS" starttime="20241115 20:52:56.431" endtime="20241115 20:52:56.457"/>
</kw>
<status status="PASS" starttime="20241115 20:52:56.414" endtime="20241115 20:52:56.457"/>
</kw>
<status status="PASS" starttime="20241115 20:52:55.566" endtime="20241115 20:52:56.457"/>
</test>
<kw name="Close Browser" library="SeleniumLibrary" type="TEARDOWN">
<doc>Closes the current browser.</doc>
<status status="PASS" starttime="20241115 20:52:56.458" endtime="20241115 20:52:56.514"/>
</kw>
<status status="PASS" starttime="20241115 20:52:51.857" endtime="20241115 20:52:56.514"/>
</suite>
<status status="PASS" starttime="20241115 20:52:49.248" endtime="20241115 20:52:56.515"/>
</suite>
<statistics>
<total>
<stat pass="13" fail="0" skip="0">All Tests</stat>
</total>
<tag>
</tag>
<suite>
<stat pass="13" fail="0" skip="0" id="s1" name="Tests">Tests</stat>
<stat pass="2" fail="0" skip="0" id="s1-s1" name="Home">Tests.Home</stat>
<stat pass="3" fail="0" skip="0" id="s1-s2" name="Login">Tests.Login</stat>
<stat pass="8" fail="0" skip="0" id="s1-s3" name="Register">Tests.Register</stat>
</suite>
</statistics>
<errors>
</errors>
</robot>
